#
# A fatal error has been detected by the Java Runtime Environment:
#
#  EXCEPTION_ACCESS_VIOLATION (0xc0000005) at pc=0x000000000f2bc750, pid=31356, tid=32264
#
# JRE version: 6.0_17-b04
# Java VM: Java HotSpot(TM) 64-Bit Server VM (14.3-b01 mixed mode windows-amd64 )
# Problematic frame:
# C  0x000000000f2bc750
#
# If you would like to submit a bug report, please visit:
#   http://java.sun.com/webapps/bugreport/crash.jsp
# The crash happened outside the Java Virtual Machine in native code.
# See problematic frame for where to report the bug.
#

---------------  T H R E A D  ---------------

Current thread (0x0000000055843800):  JavaThread "AWT-EventQueue-0" [_thread_in_native, id=32264, stack(0x000000000eb90000,0x000000000ec10000)]

siginfo: ExceptionCode=0xc0000005, reading address 0x0000000000000008

Registers:
EAX=0x000000000000000d, EBX=0x00000000558439b8, ECX=0x0000000000000000, EDX=0x000000001c016727
ESP=0x000000000ec0e238, EBP=0x000000005ed61d00, ESI=0x00000000558439b8, EDI=0x0000000055cf80c0
EIP=0x000000000f2bc750, EFLAGS=0x0000000000010206

Top of Stack: (sp=0x000000000ec0e238)
0x000000000ec0e238:   000000000f26589c 0000000000000000
0x000000000ec0e248:   00000000558439b8 000000005ed61d00
0x000000000ec0e258:   00000000558439b8 0000000000000331
0x000000000ec0e268:   00000000558439b8 0000000038b2ffa0
0x000000000ec0e278:   000000000f243810 00000000558439b8
0x000000000ec0e288:   000000000ec0e958 000000000ec0e9d0
0x000000000ec0e298:   000000005ed61d00 0000000055843800
0x000000000ec0e2a8:   000000000f262151 000000000ec0e440
0x000000000ec0e2b8:   000000000ec0e9c8 0000000000000590
0x000000000ec0e2c8:   000000000ec0e9d0 0000000055843800
0x000000000ec0e2d8:   0000000078a73400 00000000000000f8
0x000000000ec0e2e8:   0000000078a8f870 0000000045b30018
0x000000000ec0e2f8:   0000000000000000 0000000055843800
0x000000000ec0e308:   0000000000000000 0000000055843800
0x000000000ec0e318:   0000000000000000 00000000558439b8
0x000000000ec0e328:   00000000557c5560 000000000ec0e3c0 

Instructions: (pc=0x000000000f2bc750)
0x000000000f2bc740:   48 8b 41 08 48 8b 80 18 0c 00 00 c3 cc cc cc cc
0x000000000f2bc750:   48 8b 49 08 48 85 c9 74 05 e9 72 f6 fd ff 33 c0 


Stack: [0x000000000eb90000,0x000000000ec10000],  sp=0x000000000ec0e238,  free space=504k
Native frames: (J=compiled Java code, j=interpreted, Vv=VM code, C=native code)
C  0x000000000f2bc750

Java frames: (J=compiled Java code, j=interpreted, Vv=VM code)
j  sun.java2d.windows.GDIBlitLoops.nativeBlit(Lsun/java2d/SurfaceData;Lsun/java2d/SurfaceData;Lsun/java2d/pipe/Region;IIIIIIIIIZ)V+0
j  sun.java2d.windows.GDIBlitLoops.Blit(Lsun/java2d/SurfaceData;Lsun/java2d/SurfaceData;Ljava/awt/Composite;Lsun/java2d/pipe/Region;IIIIII)V+33
j  sun.java2d.pipe.DrawImage.blitSurfaceData(Lsun/java2d/SunGraphics2D;Lsun/java2d/pipe/Region;Lsun/java2d/SurfaceData;Lsun/java2d/SurfaceData;Lsun/java2d/loops/SurfaceType;Lsun/java2d/loops/SurfaceType;IIIIIILjava/awt/Color;)V+97
j  sun.java2d.pipe.DrawImage.renderImageCopy(Lsun/java2d/SunGraphics2D;Ljava/awt/Image;Ljava/awt/Color;IIIIII)Z+75
j  sun.java2d.pipe.DrawImage.copyImage(Lsun/java2d/SunGraphics2D;Ljava/awt/Image;IIIIIILjava/awt/Color;)Z+33
j  sun.java2d.pipe.DrawImage.copyImage(Lsun/java2d/SunGraphics2D;Ljava/awt/Image;IIIIIILjava/awt/Color;Ljava/awt/image/ImageObserver;)Z+23
j  sun.java2d.pipe.ValidatePipe.copyImage(Lsun/java2d/SunGraphics2D;Ljava/awt/Image;IIIIIILjava/awt/Color;Ljava/awt/image/ImageObserver;)Z+29
j  sun.java2d.SunGraphics2D.copyImage(Ljava/awt/Image;IIIIIILjava/awt/Color;Ljava/awt/image/ImageObserver;)Z+20
j  sun.java2d.SunGraphics2D.drawImage(Ljava/awt/Image;IIIIIIIILjava/awt/Color;Ljava/awt/image/ImageObserver;)Z+154
J  java.awt.Component$BltBufferStrategy.showSubRegion(IIII)V
j  java.awt.Component$BltSubRegionBufferStrategy.show(IIII)V+6
j  javax.swing.BufferStrategyPaintManager.flushAccumulatedRegion()Z+48
j  javax.swing.BufferStrategyPaintManager.endPaint()V+84
J  javax.swing.JComponent._paintImmediately(IIII)V
J  javax.swing.RepaintManager.paintDirtyRegions(Ljava/util/Map;)V
j  javax.swing.RepaintManager.paintDirtyRegions()V+46
j  javax.swing.RepaintManager.seqPaintDirtyRegions()V+73
j  javax.swing.SystemEventQueueUtilities$ComponentWorkRequest.run()V+36
J  java.awt.EventQueue.dispatchEvent(Ljava/awt/AWTEvent;)V
J  java.awt.EventDispatchThread.pumpOneEventForFilters(I)Z
J  java.awt.EventDispatchThread.pumpEventsForFilter(ILjava/awt/Conditional;Ljava/awt/EventFilter;)V
j  java.awt.EventDispatchThread.pumpEventsForHierarchy(ILjava/awt/Conditional;Ljava/awt/Component;)V+11
j  java.awt.EventDispatchThread.pumpEvents(ILjava/awt/Conditional;)V+4
j  java.awt.EventDispatchThread.pumpEvents(Ljava/awt/Conditional;)V+3
j  java.awt.EventDispatchThread.run()V+9
v  ~StubRoutines::call_stub

---------------  P R O C E S S  ---------------

Java Threads: ( => current thread )
  0x0000000055845800 JavaThread "Image Fetcher 0" daemon [_thread_blocked, id=30712, stack(0x000000002f240000,0x000000002f2c0000)]
  0x0000000055848000 JavaThread "Code Analyzer updating thread" [_thread_blocked, id=29492, stack(0x000000002ec30000,0x000000002ecb0000)]
  0x0000000055851000 JavaThread "Code Analyzer updating thread" [_thread_blocked, id=33388, stack(0x000000002eba0000,0x000000002ec20000)]
  0x0000000055846800 JavaThread "Code Analyzer updating thread" [_thread_blocked, id=9624, stack(0x0000000048c30000,0x0000000048cb0000)]
  0x0000000055850800 JavaThread "Code Analyzer updating thread" [_thread_blocked, id=8196, stack(0x000000001ca90000,0x000000001cb10000)]
  0x0000000055850000 JavaThread "Code Analyzer updating thread" [_thread_blocked, id=27600, stack(0x0000000058600000,0x0000000058680000)]
  0x000000005584f000 JavaThread "Code Analyzer updating thread" [_thread_blocked, id=23740, stack(0x000000002db20000,0x000000002dba0000)]
  0x000000005584e800 JavaThread "Code Analyzer updating thread" [_thread_blocked, id=1440, stack(0x00000000589a0000,0x0000000058a20000)]
  0x000000005584a000 JavaThread "Foxtrot Multi Worker Thread Runner #2" daemon [_thread_blocked, id=32724, stack(0x0000000018bc0000,0x0000000018c40000)]
  0x0000000055a25800 JavaThread "pool-7-thread-1" [_thread_blocked, id=32184, stack(0x000000001cf10000,0x000000001cf90000)]
  0x000000005584b800 JavaThread "Foxtrot Single Worker Thread #1" daemon [_thread_blocked, id=20668, stack(0x0000000015100000,0x0000000015180000)]
  0x0000000055a22000 JavaThread "Prefs Updater" daemon [_thread_blocked, id=8288, stack(0x0000000015440000,0x00000000154c0000)]
  0x0000000055a23800 JavaThread "MultiThreadedHttpConnectionManager cleanup" daemon [_thread_blocked, id=27264, stack(0x00000000156a0000,0x0000000015720000)]
  0x0000000055a22800 JavaThread "Swing-Shell" daemon [_thread_blocked, id=20008, stack(0x000000002d8c0000,0x000000002d940000)]
  0x000000005584c000 JavaThread "Active Reference Queue Daemon" daemon [_thread_blocked, id=21140, stack(0x0000000058780000,0x0000000058800000)]
  0x000000005584d000 JavaThread "Timer-12" daemon [_thread_blocked, id=27244, stack(0x0000000058a90000,0x0000000058b10000)]
  0x000000005584d800 JavaThread "Timer-11" daemon [_thread_blocked, id=12004, stack(0x0000000058910000,0x0000000058990000)]
  0x000000005584a800 JavaThread "Explorer NavigationContext request queue" [_thread_blocked, id=13668, stack(0x00000000561d0000,0x0000000056250000)]
  0x0000000055849800 JavaThread "AddressBar directory emptiness poller" [_thread_blocked, id=29744, stack(0x0000000058810000,0x0000000058890000)]
  0x0000000055848800 JavaThread "Explorer Refresh Service 125665513" [_thread_blocked, id=18956, stack(0x00000000254a0000,0x0000000025520000)]
  0x0000000055847000 JavaThread "Timer-1" daemon [_thread_blocked, id=33296, stack(0x0000000051060000,0x00000000510e0000)]
  0x0000000055845000 JavaThread "TimerQueue" daemon [_thread_blocked, id=25468, stack(0x0000000025520000,0x00000000255a0000)]
  0x0000000055844000 JavaThread "Thread-5" daemon [_thread_blocked, id=30200, stack(0x0000000025420000,0x00000000254a0000)]
=>0x0000000055843800 JavaThread "AWT-EventQueue-0" [_thread_in_native, id=32264, stack(0x000000000eb90000,0x000000000ec10000)]
  0x0000000055843000 JavaThread "AWT-Shutdown" [_thread_blocked, id=16832, stack(0x000000000ff30000,0x000000000ffb0000)]
  0x0000000055842000 JavaThread "FelixPackageAdmin" daemon [_thread_blocked, id=30276, stack(0x0000000021370000,0x00000000213f0000)]
  0x0000000055693800 JavaThread "FelixStartLevel" daemon [_thread_blocked, id=30916, stack(0x0000000019100000,0x0000000019180000)]
  0x0000000055764800 JavaThread "FelixDispatchQueue" daemon [_thread_blocked, id=30940, stack(0x0000000014f10000,0x0000000014f90000)]
  0x0000000055482800 JavaThread "com.google.common.base.internal.Finalizer" daemon [_thread_blocked, id=22936, stack(0x0000000010e50000,0x0000000010ed0000)]
  0x00000000553af800 JavaThread "AWT-Windows" daemon [_thread_in_native, id=7140, stack(0x000000000fe70000,0x000000000fef0000)]
  0x000000000fbaf800 JavaThread "Java2D Disposer" daemon [_thread_blocked, id=31152, stack(0x000000000fcb0000,0x000000000fd30000)]
  0x000000000fb86000 JavaThread "Timer-0" [_thread_blocked, id=21832, stack(0x000000000ece0000,0x000000000ed60000)]
  0x000000000f9f2000 JavaThread "EventMgr Dispatcher" daemon [_thread_in_native, id=32020, stack(0x0000000009a80000,0x000000000da80000)]
  0x000000000eb2e000 JavaThread "Low Memory Detector" daemon [_thread_blocked, id=6392, stack(0x000000000ed60000,0x000000000ede0000)]
  0x000000000eb27800 JavaThread "CompilerThread1" daemon [_thread_blocked, id=8452, stack(0x0000000090340000,0x0000000094340000)]
  0x000000000eb21800 JavaThread "CompilerThread0" daemon [_thread_blocked, id=33460, stack(0x000000008c340000,0x0000000090340000)]
  0x000000000eb21000 JavaThread "Attach Listener" daemon [_thread_blocked, id=20344, stack(0x000000000ec30000,0x000000000ecb0000)]
  0x000000000eac8000 JavaThread "Finalizer" daemon [_thread_blocked, id=32212, stack(0x000000000e890000,0x000000000e910000)]
  0x000000000eabe000 JavaThread "Reference Handler" daemon [_thread_blocked, id=33640, stack(0x000000000e800000,0x000000000e880000)]
  0x0000000006d76800 JavaThread "main" [_thread_in_native, id=25624, stack(0x0000000000130000,0x0000000004130000)]

Other Threads:
  0x000000000eab9000 VMThread [stack: 0x0000000088250000,0x000000008c250000] [id=31916]
  0x000000000eb4b000 WatcherThread [stack: 0x0000000094460000,0x0000000098460000] [id=18728]

VM state:not at safepoint (normal execution)

VM Mutex/Monitor currently owned by a thread: None

Heap
 PSYoungGen      total 16256K, used 11024K [0x0000000045b30000, 0x0000000047400000, 0x0000000048c30000)
  eden space 9280K, 52% used [0x0000000045b30000,0x0000000045fe8d48,0x0000000046440000)
  from space 6976K, 88% used [0x0000000046460000,0x0000000046a6b510,0x0000000046b30000)
  to   space 8064K, 0% used [0x0000000046c20000,0x0000000046c20000,0x0000000047400000)
 PSOldGen        total 150528K, used 137607K [0x000000003c830000, 0x0000000045b30000, 0x0000000045b30000)
  object space 150528K, 91% used [0x000000003c830000,0x0000000044e91c28,0x0000000045b30000)
 PSPermGen       total 80000K, used 79663K [0x0000000034830000, 0x0000000039650000, 0x000000003c830000)
  object space 80000K, 99% used [0x0000000034830000,0x00000000395fbe10,0x0000000039650000)

Dynamic libraries:
0x000000013fca0000 - 0x000000013fccd000 	C:\Program Files\MATLAB\R2012b\bin\win64\MATLAB.exe
0x00000000775c0000 - 0x0000000077769000 	C:\WINDOWS\SYSTEM32\ntdll.dll
0x00000000771d0000 - 0x00000000772ef000 	C:\WINDOWS\system32\kernel32.dll
0x000007fefdd60000 - 0x000007fefddcb000 	C:\WINDOWS\system32\KERNELBASE.dll
0x0000000074460000 - 0x000000007451f000 	C:\Program Files\MATLAB\R2012b\bin\win64\libut.dll
0x00000000758a0000 - 0x000000007595c000 	C:\Program Files\MATLAB\R2012b\bin\win64\libmwi18n.dll
0x0000000180000000 - 0x000000018000b000 	C:\Program Files\MATLAB\R2012b\bin\win64\libmwresource_core.dll
0x000000006fb10000 - 0x000000006fbe3000 	C:\WINDOWS\WinSxS\amd64_microsoft.vc90.crt_1fc8b3b9a1e18e3b_9.0.30729.6161_none_08e61857a83bc251\MSVCP90.dll
0x000000006f7d0000 - 0x000000006f873000 	C:\WINDOWS\WinSxS\amd64_microsoft.vc90.crt_1fc8b3b9a1e18e3b_9.0.30729.6161_none_08e61857a83bc251\MSVCR90.dll
0x000000007a170000 - 0x000000007a19c000 	C:\Program Files\MATLAB\R2012b\bin\win64\boost_filesystem-vc90-mt-1_44.dll
0x000000007a560000 - 0x000000007a569000 	C:\Program Files\MATLAB\R2012b\bin\win64\boost_system-vc90-mt-1_44.dll
0x000007fefe4f0000 - 0x000007fefe5cb000 	C:\WINDOWS\system32\ADVAPI32.dll
0x000007fefde70000 - 0x000007fefdf0f000 	C:\WINDOWS\system32\msvcrt.dll
0x000007fefe120000 - 0x000007fefe13f000 	C:\WINDOWS\SYSTEM32\sechost.dll
0x000007fefe320000 - 0x000007fefe44d000 	C:\WINDOWS\system32\RPCRT4.dll
0x000000007a010000 - 0x000000007a035000 	C:\Program Files\MATLAB\R2012b\bin\win64\LIBEXPAT.dll
0x0000000073460000 - 0x0000000073651000 	C:\Program Files\MATLAB\R2012b\bin\win64\icuin44.dll
0x0000000073ae0000 - 0x0000000073c51000 	C:\Program Files\MATLAB\R2012b\bin\win64\icuuc44.dll
0x0000000010000000 - 0x0000000010e41000 	C:\Program Files\MATLAB\R2012b\bin\win64\icudt44.dll
0x0000000073f70000 - 0x000000007411d000 	C:\Program Files\MATLAB\R2012b\bin\win64\libmwfl.dll
0x00000000043b0000 - 0x0000000004766000 	C:\Program Files\MATLAB\R2012b\bin\win64\libmwMATLAB_res.dll
0x000000007a3b0000 - 0x000000007a3c0000 	C:\Program Files\MATLAB\R2012b\bin\win64\boost_date_time-vc90-mt-1_44.dll
0x000000007a250000 - 0x000000007a263000 	C:\Program Files\MATLAB\R2012b\bin\win64\boost_signals-vc90-mt-1_44.dll
0x000000007a2d0000 - 0x000000007a2e2000 	C:\Program Files\MATLAB\R2012b\bin\win64\boost_thread-vc90-mt-1_44.dll
0x0000000004190000 - 0x000000000424d000 	C:\Program Files\MATLAB\R2012b\bin\win64\boost_log-vc90-mt-1_44.dll
0x0000000077780000 - 0x0000000077787000 	C:\WINDOWS\system32\PSAPI.DLL
0x000007fefe6d0000 - 0x000007fefe71d000 	C:\WINDOWS\system32\WS2_32.dll
0x000007feff8c0000 - 0x000007feff8c8000 	C:\WINDOWS\system32\NSI.dll
0x0000000004260000 - 0x00000000042a6000 	C:\Program Files\MATLAB\R2012b\bin\win64\tbb.dll
0x000007fefe6b0000 - 0x000007fefe6c9000 	C:\WINDOWS\system32\imagehlp.dll
0x0000000060df0000 - 0x0000000060e03000 	C:\Program Files\MATLAB\R2012b\bin\win64\icuio44.dll
0x000007fef9f70000 - 0x000007fefa095000 	C:\WINDOWS\system32\dbghelp.dll
0x00000000774c0000 - 0x00000000775ba000 	C:\WINDOWS\system32\USER32.dll
0x000007fefe2b0000 - 0x000007fefe317000 	C:\WINDOWS\system32\GDI32.dll
0x000007feff530000 - 0x000007feff53e000 	C:\WINDOWS\system32\LPK.dll
0x000007feff5e0000 - 0x000007feff6a9000 	C:\WINDOWS\system32\USP10.dll
0x0000000004790000 - 0x0000000004a6c000 	C:\Program Files\MATLAB\R2012b\bin\win64\libmwservices.dll
0x0000000075a20000 - 0x0000000075af3000 	C:\Program Files\MATLAB\R2012b\bin\win64\libmx.dll
0x0000000004a90000 - 0x0000000004ab9000 	C:\Program Files\MATLAB\R2012b\bin\win64\tbbmalloc.dll
0x000000007a210000 - 0x000000007a228000 	C:\Program Files\MATLAB\R2012b\bin\win64\zlib1.dll
0x0000000004ae0000 - 0x0000000004b2d000 	C:\Program Files\MATLAB\R2012b\bin\win64\libmwregexp.dll
0x0000000004b40000 - 0x0000000004b63000 	C:\Program Files\MATLAB\R2012b\bin\win64\libmwmfl_scalar.dll
0x0000000075f10000 - 0x0000000075f60000 	C:\Program Files\MATLAB\R2012b\bin\win64\mpath.dll
0x000000007b680000 - 0x000000007bc9a000 	C:\Program Files\MATLAB\R2012b\bin\win64\mlutil.dll
0x00000000754d0000 - 0x0000000075551000 	C:\Program Files\MATLAB\R2012b\bin\win64\xmlcore.dll
0x0000000004bb0000 - 0x0000000004e03000 	C:\Program Files\MATLAB\R2012b\bin\win64\xerces-c_2_7.dll
0x0000000004e20000 - 0x0000000004e40000 	C:\Program Files\MATLAB\R2012b\bin\win64\libmwMATLAB_settings_res.dll
0x0000000004e50000 - 0x0000000004e60000 	C:\Program Files\MATLAB\R2012b\bin\win64\boost_iostreams-vc90-mt-1_44.dll
0x0000000004e70000 - 0x0000000004eb7000 	C:\Program Files\MATLAB\R2012b\bin\win64\boost_serialization-vc90-mt-1_44.dll
0x000007fefe7a0000 - 0x000007feff528000 	C:\WINDOWS\system32\SHELL32.dll
0x000007fefe720000 - 0x000007fefe791000 	C:\WINDOWS\system32\SHLWAPI.dll
0x000007fef8b60000 - 0x000007fef8c00000 	C:\WINDOWS\WinSxS\amd64_microsoft.windows.common-controls_6595b64144ccf1df_5.82.7601.17514_none_a4d6a923711520a9\COMCTL32.dll
0x000007feff540000 - 0x000007feff5d7000 	C:\WINDOWS\system32\COMDLG32.dll
0x000007fefb680000 - 0x000007fefb696000 	C:\WINDOWS\system32\NETAPI32.dll
0x000007fefd2b0000 - 0x000007fefd2bc000 	C:\WINDOWS\system32\netutils.dll
0x000007fefd5b0000 - 0x000007fefd5d3000 	C:\WINDOWS\system32\srvcli.dll
0x000007fefb4f0000 - 0x000007fefb505000 	C:\WINDOWS\system32\wkscli.dll
0x000007feff6b0000 - 0x000007feff8b3000 	C:\WINDOWS\system32\ole32.dll
0x000007fefe5d0000 - 0x000007fefe6a7000 	C:\WINDOWS\system32\OLEAUT32.dll
0x0000000074970000 - 0x0000000074a31000 	C:\Program Files\MATLAB\R2012b\bin\win64\mcr.dll
0x0000000075000000 - 0x00000000753e9000 	C:\Program Files\MATLAB\R2012b\bin\win64\iqm.dll
0x0000000074e80000 - 0x0000000074f38000 	C:\Program Files\MATLAB\R2012b\bin\win64\m_dispatcher.dll
0x0000000074880000 - 0x000000007496d000 	C:\Program Files\MATLAB\R2012b\bin\win64\boost_regex-vc90-mt-1_44.dll
0x000007fee7490000 - 0x000007fee7d01000 	C:\Program Files\MATLAB\R2012b\bin\win64\m_interpreter.dll
0x0000000004f20000 - 0x0000000004f47000 	C:\Program Files\MATLAB\R2012b\bin\win64\libmex.dll
0x0000000004f60000 - 0x0000000004fe4000 	C:\Program Files\MATLAB\R2012b\bin\win64\profiler.dll
0x0000000005000000 - 0x000000000526a000 	C:\Program Files\MATLAB\R2012b\bin\win64\libmwmathutil.dll
0x0000000079f40000 - 0x0000000079f6e000 	C:\Program Files\MATLAB\R2012b\bin\win64\libmwmathrng.dll
0x0000000005290000 - 0x00000000052a2000 	C:\Program Files\MATLAB\R2012b\bin\win64\libmwmfl_rng.dll
0x0000000074c10000 - 0x0000000074cee000 	C:\Program Files\MATLAB\R2012b\bin\win64\libmwmathcore.dll
0x0000000076160000 - 0x00000000761ca000 	C:\Program Files\MATLAB\R2012b\bin\win64\libmwspmatrix.dll
0x0000000075ea0000 - 0x0000000075f02000 	C:\Program Files\MATLAB\R2012b\bin\win64\libmwcholmod.dll
0x000000007a460000 - 0x000000007a46d000 	C:\Program Files\MATLAB\R2012b\bin\win64\libmwamd.dll
0x000000007a4b0000 - 0x000000007a4bc000 	C:\Program Files\MATLAB\R2012b\bin\win64\libmwcolamd.dll
0x000000007a290000 - 0x000000007a2a9000 	C:\Program Files\MATLAB\R2012b\bin\win64\libmwblas.dll
0x000000007a310000 - 0x000000007a321000 	C:\Program Files\MATLAB\R2012b\bin\win64\libmwbinder.dll
0x000000007a4d0000 - 0x000000007a4dc000 	C:\Program Files\MATLAB\R2012b\bin\win64\libmwompwrapper.dll
0x0000000005340000 - 0x00000000053c5000 	C:\Program Files\MATLAB\R2012b\bin\win64\libmwlapack.dll
0x0000000079450000 - 0x0000000079471000 	C:\Program Files\MATLAB\R2012b\bin\win64\m_pcodeio.dll
0x0000000079b10000 - 0x0000000079b77000 	C:\Program Files\MATLAB\R2012b\bin\win64\m_ir.dll
0x0000000077f80000 - 0x00000000785f0000 	C:\Program Files\MATLAB\R2012b\bin\win64\m_parser.dll
0x0000000060d90000 - 0x0000000060daa000 	C:\Program Files\MATLAB\R2012b\bin\win64\ir_xfmr.dll
0x000007fee8b40000 - 0x000007fee8dd6000 	C:\Program Files\MATLAB\R2012b\bin\win64\mcos.dll
0x000000005a330000 - 0x000000005a341000 	C:\Program Files\MATLAB\R2012b\bin\win64\mtok.dll
0x00000000798a0000 - 0x00000000798d1000 	C:\Program Files\MATLAB\R2012b\bin\win64\m_pcodegen.dll
0x0000000079fb0000 - 0x0000000079fe6000 	C:\Program Files\MATLAB\R2012b\bin\win64\libmwbridge.dll
0x00000000742a0000 - 0x0000000074368000 	C:\Program Files\MATLAB\R2012b\bin\win64\udd.dll
0x0000000073050000 - 0x00000000731a2000 	C:\Program Files\MATLAB\R2012b\bin\win64\libmwgui.dll
0x0000000059060000 - 0x0000000059077000 	C:\Program Files\MATLAB\R2012b\bin\win64\graphics_util.dll
0x0000000005490000 - 0x0000000005eef000 	C:\Program Files\MATLAB\R2012b\bin\win64\hg.dll
0x0000000005f00000 - 0x0000000005f68000 	C:\Program Files\MATLAB\R2012b\bin\win64\libmat.dll
0x0000000072d30000 - 0x0000000072f44000 	C:\Program Files\MATLAB\R2012b\bin\win64\hdf5dll.dll
0x0000000075710000 - 0x00000000757de000 	C:\Program Files\MATLAB\R2012b\bin\win64\jmi.dll
0x0000000005fa0000 - 0x0000000005fad000 	C:\Program Files\MATLAB\R2012b\bin\win64\nativejava_services.dll
0x0000000005fc0000 - 0x0000000006006000 	C:\Program Files\MATLAB\R2012b\bin\win64\libmwhardcopy.dll
0x0000000006020000 - 0x0000000006083000 	C:\Program Files\MATLAB\R2012b\bin\win64\libuij.dll
0x0000000072590000 - 0x00000000727f4000 	C:\Program Files\MATLAB\R2012b\bin\win64\hgdatatypes.dll
0x00000000746a0000 - 0x00000000747bf000 	C:\Program Files\MATLAB\R2012b\bin\win64\hgutils.dll
0x00000000060c0000 - 0x0000000006180000 	C:\Program Files\MATLAB\R2012b\bin\win64\udd_mi.dll
0x0000000006190000 - 0x00000000061cb000 	C:\Program Files\MATLAB\R2012b\bin\win64\libmwgbtutils.dll
0x00000000061e0000 - 0x00000000061fb000 	C:\Program Files\MATLAB\R2012b\bin\win64\libmwgbt.dll
0x0000000006210000 - 0x00000000064e1000 	C:\Program Files\MATLAB\R2012b\bin\win64\uiw.dll
0x0000000068780000 - 0x000000006878f000 	C:\Program Files\MATLAB\R2012b\bin\win64\uinone.dll
0x0000000006510000 - 0x0000000006539000 	C:\Program Files\MATLAB\R2012b\bin\win64\libmwnativefiledialogs.dll
0x0000000006550000 - 0x0000000006558000 	C:\Program Files\MATLAB\R2012b\bin\win64\libmwplatform_res.dll
0x000007fef9cc0000 - 0x000007fef9cd8000 	C:\WINDOWS\system32\MPR.dll
0x0000000006570000 - 0x0000000006a54000 	C:\WINDOWS\WinSxS\amd64_microsoft.vc90.mfc_1fc8b3b9a1e18e3b_9.0.30729.6161_none_044aad0bab1eb146\mfc90.dll
0x000007fef8b10000 - 0x000007fef8b17000 	C:\WINDOWS\system32\MSIMG32.dll
0x000007fef9c40000 - 0x000007fef9cb1000 	C:\WINDOWS\system32\WINSPOOL.DRV
0x0000000079960000 - 0x0000000079982000 	C:\Program Files\MATLAB\R2012b\bin\win64\mwoles05.DLL
0x0000000006a70000 - 0x0000000006aed000 	C:\Program Files\MATLAB\R2012b\bin\win64\comcli.dll
0x00000000706e0000 - 0x000000007070f000 	C:\WINDOWS\WinSxS\amd64_microsoft.vc90.atl_1fc8b3b9a1e18e3b_9.0.30729.6161_none_0a1fd3a3a768b895\ATL90.DLL
0x0000000068550000 - 0x000000006855c000 	C:\Program Files\MATLAB\R2012b\bin\win64\mlautoregister.dll
0x000007fefe0f0000 - 0x000007fefe11e000 	C:\WINDOWS\system32\IMM32.DLL
0x000007fefe1a0000 - 0x000007fefe2a9000 	C:\WINDOWS\system32\MSCTF.dll
0x000007fefc3f0000 - 0x000007fefc446000 	C:\WINDOWS\system32\UxTheme.dll
0x000007fefbe90000 - 0x000007fefbea8000 	C:\WINDOWS\system32\dwmapi.dll
0x0000000066940000 - 0x000000006694d000 	C:\WINDOWS\WinSxS\amd64_microsoft.vc90.mfcloc_1fc8b3b9a1e18e3b_9.0.30729.6161_none_01c9581e60cbee58\MFC90ENU.DLL
0x000007fefdaa0000 - 0x000007fefdaaf000 	C:\WINDOWS\system32\profapi.dll
0x0000000006b80000 - 0x0000000006b8f000 	C:\Program Files\MATLAB\R2012b\bin\win64\xmlxrcsc.dll
0x000007fefd930000 - 0x000007fefd93f000 	C:\WINDOWS\system32\CRYPTBASE.dll
0x000007fefc450000 - 0x000007fefc644000 	C:\WINDOWS\WinSxS\amd64_microsoft.windows.common-controls_6595b64144ccf1df_6.0.7601.17514_none_fa396087175ac9ac\comctl32.dll
0x000007fefdf10000 - 0x000007fefe0e7000 	C:\WINDOWS\system32\SETUPAPI.dll
0x000007fefdd20000 - 0x000007fefdd56000 	C:\WINDOWS\system32\CFGMGR32.dll
0x000007fefdd00000 - 0x000007fefdd1a000 	C:\WINDOWS\system32\DEVOBJ.dll
0x000007fefe450000 - 0x000007fefe4e9000 	C:\WINDOWS\system32\CLBCatQ.DLL
0x000007fefbeb0000 - 0x000007fefbfdc000 	C:\WINDOWS\system32\propsys.dll
0x000007fefcbc0000 - 0x000007fefcbed000 	C:\WINDOWS\system32\ntmarta.dll

VM Arguments:
jvm_args: -Xss512k -XX:PermSize=32m -Xms64m -XX:NewRatio=3 -XX:MaxPermSize=128m -Xmx196m -XX:MaxDirectMemorySize=2147400000 -Dsun.java2d.noddraw=true -Dsun.awt.nopixfmt=true -Xshare:off -Xrs -Dsun.awt.disableMixing=true -Djava.library.path=C:\Program Files\MATLAB\R2012b\bin\win64;C:\Program Files\MATLAB\R2012b\sys\jxbrowser\win64\lib vfprintf abort 
java_command: <unknown>
Launcher Type: generic

Environment Variables:
CLASSPATH=.;C:\Program Files (x86)\Java\jre7\lib\ext\QTJava.zip
PATH=C:\CTEX\UserData\miktex\bin;C:\CTEX\MiKTeX\miktex\bin;C:\CTEX\CTeX\ctex\bin;C:\CTEX\CTeX\cct\bin;C:\CTEX\CTeX\ty\bin;C:\CTEX\Ghostscript\gs9.05\bin;C:\CTEX\GSview\gsview;C:\CTEX\WinEdt
USERNAME=tzeng
OS=Windows_NT
PROCESSOR_IDENTIFIER=Intel64 Family 6 Model 42 Stepping 7, GenuineIntel



---------------  S Y S T E M  ---------------

OS: Windows 7 Build 7601 Service Pack 1

CPU:total 8 (8 cores per cpu, 2 threads per core) family 6 model 42 stepping 7, cmov, cx8, fxsr, mmx, sse, sse2, sse3, ssse3, sse4.1, sse4.2, ht

Memory: 4k page, physical 16734228k(3726172k free), swap 33466604k(16696844k free)

vm_info: Java HotSpot(TM) 64-Bit Server VM (14.3-b01) for windows-amd64 JRE (1.6.0_17-b04), built on Oct 11 2009 00:46:08 by "java_re" with MS VC++ 8.0

time: Sat Feb 14 22:37:28 2015
elapsed time: 172646 seconds

