#
# A fatal error has been detected by the Java Runtime Environment:
#
#  EXCEPTION_ACCESS_VIOLATION (0xc0000005) at pc=0x000000007322c750, pid=8360, tid=11160
#
# JRE version: 6.0_17-b04
# Java VM: Java HotSpot(TM) 64-Bit Server VM (14.3-b01 mixed mode windows-amd64 )
# Problematic frame:
# C  0x000000007322c750
#
# If you would like to submit a bug report, please visit:
#   http://java.sun.com/webapps/bugreport/crash.jsp
# The crash happened outside the Java Virtual Machine in native code.
# See problematic frame for where to report the bug.
#

---------------  T H R E A D  ---------------

Current thread (0x000000000f4e7000):  JavaThread "AWT-EventQueue-0" [_thread_in_native, id=11160, stack(0x000000000fdd0000,0x000000000fe50000)]

siginfo: ExceptionCode=0xc0000005, reading address 0x0000000000000008

Registers:
EAX=0x000000000000000d, EBX=0x000000000f4e71b8, ECX=0x0000000000000000, EDX=0xffffffffdb011efa
ESP=0x000000000fe4e018, EBP=0x000000005e615340, ESI=0x000000000f4e71b8, EDI=0x000000005a702ab0
EIP=0x000000007322c750, EFLAGS=0x0000000000010202

Top of Stack: (sp=0x000000000fe4e018)
0x000000000fe4e018:   00000000731d589c 0000000000000000
0x000000000fe4e028:   000000000f4e71b8 000000005e615340
0x000000000fe4e038:   000000000f4e71b8 0000000035c29f58
0x000000000fe4e048:   000000000f4e71b8 000000002ea07bf8
0x000000000fe4e058:   00000000731b3810 000000000f4e71b8
0x000000000fe4e068:   000000000fe4e730 000000000fe4e7a8
0x000000000fe4e078:   000000005e615340 0000000100000000
0x000000000fe4e088:   00000000731d2151 0000000000000000
0x000000000fe4e098:   000000000fe4e7a0 000000000000035c
0x000000000fe4e0a8:   000000000fe4e7a8 0000000000000001
0x000000000fe4e0b8:   0000000029c145c8 000000000fe4e138
0x000000000fe4e0c8:   0000000029605ac2 0000007900000000
0x000000000fe4e0d8:   00000322000005a0 0000000035c2a1b0
0x000000000fe4e0e8:   000000003ddd9b88 0000000000000000
0x000000000fe4e0f8:   0000000035c29f58 000002a9000005a0
0x000000000fe4e108:   000005a000000000 0000000036154968 

Instructions: (pc=0x000000007322c750)
0x000000007322c740:   48 8b 41 08 48 8b 80 18 0c 00 00 c3 cc cc cc cc
0x000000007322c750:   48 8b 49 08 48 85 c9 74 05 e9 72 f6 fd ff 33 c0 


Stack: [0x000000000fdd0000,0x000000000fe50000],  sp=0x000000000fe4e018,  free space=504k
Native frames: (J=compiled Java code, j=interpreted, Vv=VM code, C=native code)
C  0x000000007322c750

Java frames: (J=compiled Java code, j=interpreted, Vv=VM code)
j  sun.java2d.windows.GDIBlitLoops.nativeBlit(Lsun/java2d/SurfaceData;Lsun/java2d/SurfaceData;Lsun/java2d/pipe/Region;IIIIIIIIIZ)V+0
j  sun.java2d.windows.GDIBlitLoops.Blit(Lsun/java2d/SurfaceData;Lsun/java2d/SurfaceData;Ljava/awt/Composite;Lsun/java2d/pipe/Region;IIIIII)V+33
j  sun.java2d.pipe.DrawImage.blitSurfaceData(Lsun/java2d/SunGraphics2D;Lsun/java2d/pipe/Region;Lsun/java2d/SurfaceData;Lsun/java2d/SurfaceData;Lsun/java2d/loops/SurfaceType;Lsun/java2d/loops/SurfaceType;IIIIIILjava/awt/Color;)V+97
j  sun.java2d.pipe.DrawImage.renderImageCopy(Lsun/java2d/SunGraphics2D;Ljava/awt/Image;Ljava/awt/Color;IIIIII)Z+75
j  sun.java2d.pipe.DrawImage.copyImage(Lsun/java2d/SunGraphics2D;Ljava/awt/Image;IIIIIILjava/awt/Color;)Z+33
j  sun.java2d.pipe.DrawImage.copyImage(Lsun/java2d/SunGraphics2D;Ljava/awt/Image;IIIIIILjava/awt/Color;Ljava/awt/image/ImageObserver;)Z+23
j  sun.java2d.pipe.ValidatePipe.copyImage(Lsun/java2d/SunGraphics2D;Ljava/awt/Image;IIIIIILjava/awt/Color;Ljava/awt/image/ImageObserver;)Z+29
j  sun.java2d.SunGraphics2D.copyImage(Ljava/awt/Image;IIIIIILjava/awt/Color;Ljava/awt/image/ImageObserver;)Z+20
j  sun.java2d.SunGraphics2D.drawImage(Ljava/awt/Image;IIIIIIIILjava/awt/Color;Ljava/awt/image/ImageObserver;)Z+154
j  sun.java2d.SunGraphics2D.drawImage(Ljava/awt/Image;IIIIIIIILjava/awt/image/ImageObserver;)Z+19
j  java.awt.Component$BltBufferStrategy.showSubRegion(IIII)V+117
j  java.awt.Component$BltSubRegionBufferStrategy.show(IIII)V+6
J  javax.swing.BufferStrategyPaintManager.endPaint()V
J  javax.swing.JComponent.paint(Ljava/awt/Graphics;)V
j  java.awt.GraphicsCallback$PaintCallback.run(Ljava/awt/Component;Ljava/awt/Graphics;)V+2
j  sun.awt.SunGraphicsCallback.runOneComponent(Ljava/awt/Component;Ljava/awt/Rectangle;Ljava/awt/Graphics;Ljava/awt/Shape;I)V+155
j  sun.awt.SunGraphicsCallback.runComponents([Ljava/awt/Component;Ljava/awt/Graphics;I)V+104
j  java.awt.Container.paint(Ljava/awt/Graphics;)V+73
J  javax.swing.RepaintManager.paintDirtyRegions(Ljava/util/Map;)V
j  javax.swing.RepaintManager.paintDirtyRegions()V+46
j  javax.swing.RepaintManager.seqPaintDirtyRegions()V+73
j  javax.swing.SystemEventQueueUtilities$ComponentWorkRequest.run()V+36
J  java.awt.EventDispatchThread.pumpOneEventForFilters(I)Z
J  java.awt.EventDispatchThread.pumpEventsForFilter(ILjava/awt/Conditional;Ljava/awt/EventFilter;)V
j  java.awt.EventDispatchThread.pumpEventsForHierarchy(ILjava/awt/Conditional;Ljava/awt/Component;)V+11
j  java.awt.EventDispatchThread.pumpEvents(ILjava/awt/Conditional;)V+4
j  java.awt.EventDispatchThread.pumpEvents(Ljava/awt/Conditional;)V+3
j  java.awt.EventDispatchThread.run()V+9
v  ~StubRoutines::call_stub

---------------  P R O C E S S  ---------------

Java Threads: ( => current thread )
  0x000000005a7ef800 JavaThread "Timer-90" [_thread_blocked, id=9364, stack(0x0000000062310000,0x0000000062390000)]
  0x000000005a7e7000 JavaThread "Image Fetcher 1" daemon [_thread_blocked, id=7240, stack(0x00000000621b0000,0x0000000062230000)]
  0x000000005a7e5800 JavaThread "Image Fetcher 0" daemon [_thread_blocked, id=12000, stack(0x000000005ee30000,0x000000005eeb0000)]
  0x000000005a7ee000 JavaThread "Code Analyzer updating thread" [_thread_blocked, id=6000, stack(0x00000000292d0000,0x0000000029350000)]
  0x000000005a7ed800 JavaThread "Code Analyzer updating thread" [_thread_blocked, id=8884, stack(0x0000000028c40000,0x0000000028cc0000)]
  0x000000005a7ec800 JavaThread "Code Analyzer updating thread" [_thread_blocked, id=11760, stack(0x000000005ca80000,0x000000005cb00000)]
  0x000000005a7ec000 JavaThread "Code Analyzer updating thread" [_thread_blocked, id=6868, stack(0x000000005ed70000,0x000000005edf0000)]
  0x000000005a7eb000 JavaThread "Code Analyzer updating thread" [_thread_blocked, id=3720, stack(0x0000000028960000,0x00000000289e0000)]
  0x000000005a7ea800 JavaThread "Code Analyzer updating thread" [_thread_blocked, id=2852, stack(0x0000000028e50000,0x0000000028ed0000)]
  0x000000005a7ea000 JavaThread "Code Analyzer updating thread" [_thread_blocked, id=3420, stack(0x000000005b850000,0x000000005b8d0000)]
  0x000000000f4f0800 JavaThread "pool-1-thread-1" [_thread_blocked, id=7908, stack(0x000000005a950000,0x000000005a9d0000)]
  0x000000000f4f2000 JavaThread "Prefs Updater" daemon [_thread_blocked, id=11972, stack(0x000000005ecd0000,0x000000005ed50000)]
  0x000000000f4ee800 JavaThread "pool-5-thread-1" [_thread_blocked, id=4696, stack(0x0000000044c10000,0x0000000044c90000)]
  0x000000000f4e8800 JavaThread "Timer-23" [_thread_blocked, id=5712, stack(0x00000000276b0000,0x0000000027730000)]
  0x000000005a7f0800 JavaThread "Swing-Shell" daemon [_thread_blocked, id=13296, stack(0x0000000025820000,0x00000000258a0000)]
  0x000000005a7e8800 JavaThread "Active Reference Queue Daemon" daemon [_thread_blocked, id=11232, stack(0x000000005f040000,0x000000005f0c0000)]
  0x000000005a7e7800 JavaThread "Timer-9" daemon [_thread_blocked, id=11288, stack(0x000000005ef70000,0x000000005eff0000)]
  0x000000005a7e9000 JavaThread "Timer-8" daemon [_thread_blocked, id=5892, stack(0x000000005eef0000,0x000000005ef70000)]
  0x000000005a7e6000 JavaThread "Explorer NavigationContext request queue" [_thread_blocked, id=5456, stack(0x000000005abd0000,0x000000005ac50000)]
  0x000000005a7e4800 JavaThread "AddressBar directory emptiness poller" [_thread_blocked, id=12688, stack(0x000000005cbf0000,0x000000005cc70000)]
  0x000000005a7e4000 JavaThread "Explorer Refresh Service 599089570" [_thread_blocked, id=10716, stack(0x000000005cb00000,0x000000005cb80000)]
  0x000000000f4f1000 JavaThread "Timer-1" daemon [_thread_blocked, id=9584, stack(0x0000000044ca0000,0x0000000044d20000)]
  0x000000000f4ed800 JavaThread "TimerQueue" daemon [_thread_blocked, id=9336, stack(0x000000000ff80000,0x0000000010000000)]
  0x000000000f4ea800 JavaThread "Thread-5" daemon [_thread_blocked, id=11772, stack(0x0000000040a30000,0x0000000040ab0000)]
=>0x000000000f4e7000 JavaThread "AWT-EventQueue-0" [_thread_in_native, id=11160, stack(0x000000000fdd0000,0x000000000fe50000)]
  0x000000000f4ea000 JavaThread "AWT-Shutdown" [_thread_blocked, id=9836, stack(0x000000001d2c0000,0x000000001d340000)]
  0x000000000f4ed000 JavaThread "FelixPackageAdmin" daemon [_thread_blocked, id=1704, stack(0x000000000fbf0000,0x000000000fc70000)]
  0x000000000f4ec000 JavaThread "FelixStartLevel" daemon [_thread_blocked, id=4928, stack(0x00000000254c0000,0x0000000025540000)]
  0x000000000f4eb800 JavaThread "FelixDispatchQueue" daemon [_thread_blocked, id=5788, stack(0x0000000015080000,0x0000000015100000)]
  0x000000000f4e9000 JavaThread "com.google.common.base.internal.Finalizer" daemon [_thread_blocked, id=7320, stack(0x0000000010f70000,0x0000000010ff0000)]
  0x000000000f4e8000 JavaThread "AWT-Windows" daemon [_thread_in_native, id=1556, stack(0x000000000fd30000,0x000000000fdb0000)]
  0x000000000f4e6800 JavaThread "Java2D Disposer" daemon [_thread_blocked, id=4156, stack(0x000000000e4b0000,0x000000000e530000)]
  0x000000000f4e5800 JavaThread "Timer-0" [_thread_blocked, id=4872, stack(0x000000000fc70000,0x000000000fcf0000)]
  0x000000000f4e5000 JavaThread "EventMgr Dispatcher" daemon [_thread_in_native, id=7848, stack(0x0000000009df0000,0x000000000ddf0000)]
  0x000000000f4e3800 JavaThread "Low Memory Detector" daemon [_thread_blocked, id=9228, stack(0x000000000f740000,0x000000000f7c0000)]
  0x000000000f4f9000 JavaThread "CompilerThread1" daemon [_thread_blocked, id=5704, stack(0x000000008c370000,0x0000000090370000)]
  0x000000000f4f2800 JavaThread "CompilerThread0" daemon [_thread_blocked, id=1696, stack(0x0000000088270000,0x000000008c270000)]
  0x000000000f4e2800 JavaThread "Attach Listener" daemon [_thread_blocked, id=10288, stack(0x000000000e2e0000,0x000000000e360000)]
  0x000000000f47a000 JavaThread "Finalizer" daemon [_thread_blocked, id=4108, stack(0x000000000f640000,0x000000000f6c0000)]
  0x000000000f46c000 JavaThread "Reference Handler" daemon [_thread_blocked, id=2200, stack(0x000000000e430000,0x000000000e4b0000)]
  0x000000000701f800 JavaThread "main" [_thread_in_native, id=8668, stack(0x00000000000e0000,0x00000000040e0000)]

Other Threads:
  0x000000000f466800 VMThread [stack: 0x0000000084180000,0x0000000088180000] [id=7464]
  0x000000000f7e0800 WatcherThread [stack: 0x0000000090550000,0x0000000094550000] [id=11576]

VM state:not at safepoint (normal execution)

VM Mutex/Monitor currently owned by a thread: None

Heap
 PSYoungGen      total 16000K, used 6614K [0x000000003d900000, 0x000000003ea20000, 0x0000000040a00000)
  eden space 15488K, 39% used [0x000000003d900000,0x000000003def5a40,0x000000003e820000)
  from space 512K, 100% used [0x000000003e850000,0x000000003e8d0000,0x000000003e8d0000)
  to   space 1024K, 0% used [0x000000003e920000,0x000000003e920000,0x000000003ea20000)
 PSOldGen        total 118208K, used 93975K [0x0000000034600000, 0x000000003b970000, 0x000000003d900000)
  object space 118208K, 79% used [0x0000000034600000,0x000000003a1c5c40,0x000000003b970000)
 PSPermGen       total 115456K, used 64537K [0x000000002c600000, 0x00000000336c0000, 0x0000000034600000)
  object space 115456K, 55% used [0x000000002c600000,0x0000000030506598,0x00000000336c0000)

Dynamic libraries:
0x000000013f6c0000 - 0x000000013f6ed000 	C:\Program Files\MATLAB\R2012b\bin\win64\matlab.exe
0x00000000775c0000 - 0x0000000077769000 	C:\WINDOWS\SYSTEM32\ntdll.dll
0x00000000771d0000 - 0x00000000772ef000 	C:\WINDOWS\system32\kernel32.dll
0x000007fefdd60000 - 0x000007fefddcb000 	C:\WINDOWS\system32\KERNELBASE.dll
0x0000000074460000 - 0x000000007451f000 	C:\Program Files\MATLAB\R2012b\bin\win64\libut.dll
0x00000000758a0000 - 0x000000007595c000 	C:\Program Files\MATLAB\R2012b\bin\win64\libmwi18n.dll
0x0000000180000000 - 0x000000018000b000 	C:\Program Files\MATLAB\R2012b\bin\win64\libmwresource_core.dll
0x000000006fb10000 - 0x000000006fbe3000 	C:\WINDOWS\WinSxS\amd64_microsoft.vc90.crt_1fc8b3b9a1e18e3b_9.0.30729.6161_none_08e61857a83bc251\MSVCP90.dll
0x000000006f7d0000 - 0x000000006f873000 	C:\WINDOWS\WinSxS\amd64_microsoft.vc90.crt_1fc8b3b9a1e18e3b_9.0.30729.6161_none_08e61857a83bc251\MSVCR90.dll
0x000000007a170000 - 0x000000007a19c000 	C:\Program Files\MATLAB\R2012b\bin\win64\boost_filesystem-vc90-mt-1_44.dll
0x000000007a560000 - 0x000000007a569000 	C:\Program Files\MATLAB\R2012b\bin\win64\boost_system-vc90-mt-1_44.dll
0x000007fefe4f0000 - 0x000007fefe5cb000 	C:\WINDOWS\system32\ADVAPI32.dll
0x000007fefde70000 - 0x000007fefdf0f000 	C:\WINDOWS\system32\msvcrt.dll
0x000007fefe120000 - 0x000007fefe13f000 	C:\WINDOWS\SYSTEM32\sechost.dll
0x000007fefe320000 - 0x000007fefe44d000 	C:\WINDOWS\system32\RPCRT4.dll
0x000000007a010000 - 0x000000007a035000 	C:\Program Files\MATLAB\R2012b\bin\win64\LIBEXPAT.dll
0x0000000072b90000 - 0x0000000072d81000 	C:\Program Files\MATLAB\R2012b\bin\win64\icuin44.dll
0x000000005fc60000 - 0x000000005fdd1000 	C:\Program Files\MATLAB\R2012b\bin\win64\icuuc44.dll
0x0000000010000000 - 0x0000000010e41000 	C:\Program Files\MATLAB\R2012b\bin\win64\icudt44.dll
0x0000000073f70000 - 0x000000007411d000 	C:\Program Files\MATLAB\R2012b\bin\win64\libmwfl.dll
0x0000000004390000 - 0x0000000004746000 	C:\Program Files\MATLAB\R2012b\bin\win64\libmwMATLAB_res.dll
0x000000007a3b0000 - 0x000000007a3c0000 	C:\Program Files\MATLAB\R2012b\bin\win64\boost_date_time-vc90-mt-1_44.dll
0x000000007a250000 - 0x000000007a263000 	C:\Program Files\MATLAB\R2012b\bin\win64\boost_signals-vc90-mt-1_44.dll
0x000000007a2d0000 - 0x000000007a2e2000 	C:\Program Files\MATLAB\R2012b\bin\win64\boost_thread-vc90-mt-1_44.dll
0x0000000004190000 - 0x000000000424d000 	C:\Program Files\MATLAB\R2012b\bin\win64\boost_log-vc90-mt-1_44.dll
0x0000000077780000 - 0x0000000077787000 	C:\WINDOWS\system32\PSAPI.DLL
0x000007fefe6d0000 - 0x000007fefe71d000 	C:\WINDOWS\system32\WS2_32.dll
0x000007feff8c0000 - 0x000007feff8c8000 	C:\WINDOWS\system32\NSI.dll
0x0000000004750000 - 0x0000000004796000 	C:\Program Files\MATLAB\R2012b\bin\win64\tbb.dll
0x000007fefe6b0000 - 0x000007fefe6c9000 	C:\WINDOWS\system32\imagehlp.dll
0x0000000069e60000 - 0x0000000069e73000 	C:\Program Files\MATLAB\R2012b\bin\win64\icuio44.dll
0x000007fef9f70000 - 0x000007fefa095000 	C:\WINDOWS\system32\dbghelp.dll
0x00000000774c0000 - 0x00000000775ba000 	C:\WINDOWS\system32\USER32.dll
0x000007fefe2b0000 - 0x000007fefe317000 	C:\WINDOWS\system32\GDI32.dll
0x000007feff530000 - 0x000007feff53e000 	C:\WINDOWS\system32\LPK.dll
0x000007feff5e0000 - 0x000007feff6a9000 	C:\WINDOWS\system32\USP10.dll
0x00000000047a0000 - 0x0000000004a7c000 	C:\Program Files\MATLAB\R2012b\bin\win64\libmwservices.dll
0x0000000075a20000 - 0x0000000075af3000 	C:\Program Files\MATLAB\R2012b\bin\win64\libmx.dll
0x0000000004a90000 - 0x0000000004ab9000 	C:\Program Files\MATLAB\R2012b\bin\win64\tbbmalloc.dll
0x000000007a210000 - 0x000000007a228000 	C:\Program Files\MATLAB\R2012b\bin\win64\zlib1.dll
0x0000000004ae0000 - 0x0000000004b2d000 	C:\Program Files\MATLAB\R2012b\bin\win64\libmwregexp.dll
0x0000000004b40000 - 0x0000000004b63000 	C:\Program Files\MATLAB\R2012b\bin\win64\libmwmfl_scalar.dll
0x0000000075f10000 - 0x0000000075f60000 	C:\Program Files\MATLAB\R2012b\bin\win64\mpath.dll
0x000000007b680000 - 0x000000007bc9a000 	C:\Program Files\MATLAB\R2012b\bin\win64\mlutil.dll
0x00000000754d0000 - 0x0000000075551000 	C:\Program Files\MATLAB\R2012b\bin\win64\xmlcore.dll
0x0000000004bb0000 - 0x0000000004e03000 	C:\Program Files\MATLAB\R2012b\bin\win64\xerces-c_2_7.dll
0x0000000004e20000 - 0x0000000004e40000 	C:\Program Files\MATLAB\R2012b\bin\win64\libmwMATLAB_settings_res.dll
0x0000000004e50000 - 0x0000000004e60000 	C:\Program Files\MATLAB\R2012b\bin\win64\boost_iostreams-vc90-mt-1_44.dll
0x0000000004e70000 - 0x0000000004eb7000 	C:\Program Files\MATLAB\R2012b\bin\win64\boost_serialization-vc90-mt-1_44.dll
0x000007fefe7a0000 - 0x000007feff528000 	C:\WINDOWS\system32\SHELL32.dll
0x000007fefe720000 - 0x000007fefe791000 	C:\WINDOWS\system32\SHLWAPI.dll
0x000007fef8b60000 - 0x000007fef8c00000 	C:\WINDOWS\WinSxS\amd64_microsoft.windows.common-controls_6595b64144ccf1df_5.82.7601.17514_none_a4d6a923711520a9\COMCTL32.dll
0x000007feff540000 - 0x000007feff5d7000 	C:\WINDOWS\system32\COMDLG32.dll
0x000007fefb680000 - 0x000007fefb696000 	C:\WINDOWS\system32\NETAPI32.dll
0x000007fefd2b0000 - 0x000007fefd2bc000 	C:\WINDOWS\system32\netutils.dll
0x000007fefd5b0000 - 0x000007fefd5d3000 	C:\WINDOWS\system32\srvcli.dll
0x000007fefb4f0000 - 0x000007fefb505000 	C:\WINDOWS\system32\wkscli.dll
0x000007feff6b0000 - 0x000007feff8b3000 	C:\WINDOWS\system32\ole32.dll
0x000007fefe5d0000 - 0x000007fefe6a7000 	C:\WINDOWS\system32\OLEAUT32.dll
0x0000000074970000 - 0x0000000074a31000 	C:\Program Files\MATLAB\R2012b\bin\win64\mcr.dll
0x0000000075000000 - 0x00000000753e9000 	C:\Program Files\MATLAB\R2012b\bin\win64\iqm.dll
0x0000000074e80000 - 0x0000000074f38000 	C:\Program Files\MATLAB\R2012b\bin\win64\m_dispatcher.dll
0x0000000074880000 - 0x000000007496d000 	C:\Program Files\MATLAB\R2012b\bin\win64\boost_regex-vc90-mt-1_44.dll
0x000007fee7ee0000 - 0x000007fee8751000 	C:\Program Files\MATLAB\R2012b\bin\win64\m_interpreter.dll
0x00000000637d0000 - 0x00000000637f7000 	C:\Program Files\MATLAB\R2012b\bin\win64\libmex.dll
0x000000005ad80000 - 0x000000005ae04000 	C:\Program Files\MATLAB\R2012b\bin\win64\profiler.dll
0x0000000004f40000 - 0x00000000051aa000 	C:\Program Files\MATLAB\R2012b\bin\win64\libmwmathutil.dll
0x0000000079f40000 - 0x0000000079f6e000 	C:\Program Files\MATLAB\R2012b\bin\win64\libmwmathrng.dll
0x00000000051d0000 - 0x00000000051e2000 	C:\Program Files\MATLAB\R2012b\bin\win64\libmwmfl_rng.dll
0x0000000074c10000 - 0x0000000074cee000 	C:\Program Files\MATLAB\R2012b\bin\win64\libmwmathcore.dll
0x0000000076160000 - 0x00000000761ca000 	C:\Program Files\MATLAB\R2012b\bin\win64\libmwspmatrix.dll
0x0000000075ea0000 - 0x0000000075f02000 	C:\Program Files\MATLAB\R2012b\bin\win64\libmwcholmod.dll
0x000000007a460000 - 0x000000007a46d000 	C:\Program Files\MATLAB\R2012b\bin\win64\libmwamd.dll
0x000000007a4b0000 - 0x000000007a4bc000 	C:\Program Files\MATLAB\R2012b\bin\win64\libmwcolamd.dll
0x000000007a290000 - 0x000000007a2a9000 	C:\Program Files\MATLAB\R2012b\bin\win64\libmwblas.dll
0x000000007a310000 - 0x000000007a321000 	C:\Program Files\MATLAB\R2012b\bin\win64\libmwbinder.dll
0x000000007a4d0000 - 0x000000007a4dc000 	C:\Program Files\MATLAB\R2012b\bin\win64\libmwompwrapper.dll
0x0000000005280000 - 0x0000000005305000 	C:\Program Files\MATLAB\R2012b\bin\win64\libmwlapack.dll
0x0000000062680000 - 0x00000000626a1000 	C:\Program Files\MATLAB\R2012b\bin\win64\m_pcodeio.dll
0x0000000079b10000 - 0x0000000079b77000 	C:\Program Files\MATLAB\R2012b\bin\win64\m_ir.dll
0x0000000078150000 - 0x00000000787c0000 	C:\Program Files\MATLAB\R2012b\bin\win64\m_parser.dll
0x0000000068740000 - 0x000000006875a000 	C:\Program Files\MATLAB\R2012b\bin\win64\ir_xfmr.dll
0x000007feebfb0000 - 0x000007feec246000 	C:\Program Files\MATLAB\R2012b\bin\win64\mcos.dll
0x0000000068190000 - 0x00000000681a1000 	C:\Program Files\MATLAB\R2012b\bin\win64\mtok.dll
0x000000005fc20000 - 0x000000005fc51000 	C:\Program Files\MATLAB\R2012b\bin\win64\m_pcodegen.dll
0x0000000079fb0000 - 0x0000000079fe6000 	C:\Program Files\MATLAB\R2012b\bin\win64\libmwbridge.dll
0x00000000053a0000 - 0x0000000005468000 	C:\Program Files\MATLAB\R2012b\bin\win64\udd.dll
0x0000000072f80000 - 0x00000000730d2000 	C:\Program Files\MATLAB\R2012b\bin\win64\libmwgui.dll
0x0000000066240000 - 0x0000000066257000 	C:\Program Files\MATLAB\R2012b\bin\win64\graphics_util.dll
0x00000000054a0000 - 0x0000000005eff000 	C:\Program Files\MATLAB\R2012b\bin\win64\hg.dll
0x0000000005f10000 - 0x0000000005f78000 	C:\Program Files\MATLAB\R2012b\bin\win64\libmat.dll
0x0000000005f90000 - 0x00000000061a4000 	C:\Program Files\MATLAB\R2012b\bin\win64\hdf5dll.dll
0x0000000075710000 - 0x00000000757de000 	C:\Program Files\MATLAB\R2012b\bin\win64\jmi.dll
0x00000000061d0000 - 0x00000000061dd000 	C:\Program Files\MATLAB\R2012b\bin\win64\nativejava_services.dll
0x000000005ba10000 - 0x000000005ba56000 	C:\Program Files\MATLAB\R2012b\bin\win64\libmwhardcopy.dll
0x000000005ad10000 - 0x000000005ad73000 	C:\Program Files\MATLAB\R2012b\bin\win64\libuij.dll
0x0000000006210000 - 0x0000000006474000 	C:\Program Files\MATLAB\R2012b\bin\win64\hgdatatypes.dll
0x0000000074680000 - 0x000000007479f000 	C:\Program Files\MATLAB\R2012b\bin\win64\hgutils.dll
0x00000000741a0000 - 0x0000000074260000 	C:\Program Files\MATLAB\R2012b\bin\win64\udd_mi.dll
0x00000000064b0000 - 0x00000000064eb000 	C:\Program Files\MATLAB\R2012b\bin\win64\libmwgbtutils.dll
0x0000000006500000 - 0x000000000651b000 	C:\Program Files\MATLAB\R2012b\bin\win64\libmwgbt.dll
0x0000000006530000 - 0x0000000006801000 	C:\Program Files\MATLAB\R2012b\bin\win64\uiw.dll
0x000000006ed30000 - 0x000000006ed3f000 	C:\Program Files\MATLAB\R2012b\bin\win64\uinone.dll
0x0000000006830000 - 0x0000000006859000 	C:\Program Files\MATLAB\R2012b\bin\win64\libmwnativefiledialogs.dll
0x0000000006870000 - 0x0000000006878000 	C:\Program Files\MATLAB\R2012b\bin\win64\libmwplatform_res.dll
0x000007fef9cc0000 - 0x000007fef9cd8000 	C:\WINDOWS\system32\MPR.dll
0x0000000006890000 - 0x0000000006d74000 	C:\WINDOWS\WinSxS\amd64_microsoft.vc90.mfc_1fc8b3b9a1e18e3b_9.0.30729.6161_none_044aad0bab1eb146\mfc90.dll
0x000007fef8b10000 - 0x000007fef8b17000 	C:\WINDOWS\system32\MSIMG32.dll
0x000007fef9c40000 - 0x000007fef9cb1000 	C:\WINDOWS\system32\WINSPOOL.DRV
0x000000005ccf0000 - 0x000000005cd12000 	C:\Program Files\MATLAB\R2012b\bin\win64\mwoles05.DLL
0x0000000006d90000 - 0x0000000006e0d000 	C:\Program Files\MATLAB\R2012b\bin\win64\comcli.dll
0x00000000706e0000 - 0x000000007070f000 	C:\WINDOWS\WinSxS\amd64_microsoft.vc90.atl_1fc8b3b9a1e18e3b_9.0.30729.6161_none_0a1fd3a3a768b895\ATL90.DLL
0x000000006ea10000 - 0x000000006ea1c000 	C:\Program Files\MATLAB\R2012b\bin\win64\mlautoregister.dll
0x000007fefe0f0000 - 0x000007fefe11e000 	C:\WINDOWS\system32\IMM32.DLL
0x000007fefe1a0000 - 0x000007fefe2a9000 	C:\WINDOWS\system32\MSCTF.dll
0x000007fefc3f0000 - 0x000007fefc446000 	C:\WINDOWS\system32\UxTheme.dll
0x000007fefbe90000 - 0x000007fefbea8000 	C:\WINDOWS\system32\dwmapi.dll
0x0000000069dc0000 - 0x0000000069dcd000 	C:\WINDOWS\WinSxS\amd64_microsoft.vc90.mfcloc_1fc8b3b9a1e18e3b_9.0.30729.6161_none_01c9581e60cbee58\MFC90ENU.DLL
0x0000000078870000 - 0x0000000078ecd000 	C:\Program Files\MATLAB\R2012b\sys\java\jre\win64\jre\bin\server\jvm.dll
0x000007fefb380000 - 0x000007fefb3bb000 	C:\WINDOWS\system32\WINMM.dll
0x000007fefdaa0000 - 0x000007fefdaaf000 	C:\WINDOWS\system32\profapi.dll
0x000007fefb770000 - 0x000007fefb785000 	C:\WINDOWS\system32\NLAapi.dll
0x000007fefa580000 - 0x000007fefa595000 	C:\WINDOWS\system32\napinsp.dll
0x000007fefa5a0000 - 0x000007fefa5b9000 	C:\WINDOWS\system32\pnrpnsp.dll
0x000007fefd2c0000 - 0x000007fefd315000 	C:\WINDOWS\System32\mswsock.dll
0x000007fefd0f0000 - 0x000007fefd14b000 	C:\WINDOWS\system32\DNSAPI.dll
0x000007fefabe0000 - 0x000007fefabeb000 	C:\WINDOWS\System32\winrnr.dll
0x000007fefa570000 - 0x000007fefa580000 	C:\WINDOWS\system32\wshbth.dll

VM Arguments:
jvm_args: -Xss512k -XX:PermSize=32m -Xms64m -XX:NewRatio=3 -XX:MaxPermSize=128m -Xmx196m -XX:MaxDirectMemorySize=2147400000 -Dsun.java2d.noddraw=true -Dsun.awt.nopixfmt=true -Xshare:off -Xrs -Dsun.awt.disableMixing=true -Djava.library.path=C:\Program Files\MATLAB\R2012b\bin\win64;C:\Program Files\MATLAB\R2012b\sys\jxbrowser\win64\lib vfprintf abort 
java_command: <unknown>
Launcher Type: generic

Environment Variables:
CLASSPATH=.;C:\Program Files (x86)\Java\jre7\lib\ext\QTJava.zip
PATH=C:\CTEX\UserData\miktex\bin;C:\CTEX\MiKTeX\miktex\bin;C:\CTEX\CTeX\ctex\bin;C:\CTEX\CTeX\cct\bin;C:\CTEX\CTeX\ty\bin;C:\CTEX\Ghostscript\gs9.05\bin;C:\CTEX\GSview\gsview;C:\CTEX\WinEdt
USERNAME=tzeng
OS=Windows_NT
PROCESSOR_IDENTIFIER=Intel64 Family 6 Model 42 Stepping 7, GenuineIntel



---------------  S Y S T E M  ---------------

OS: Windows 7 Build 7601 Service Pack 1

CPU:total 8 (8 cores per cpu, 2 threads per core) family 6 model 42 stepping 7, cmov, cx8, fxsr, mmx, sse, sse2, sse3, ssse3, sse4.1, sse4.2, ht

Memory: 4k page, physical 16734228k(5476392k free), swap 33466604k(17726148k free)

vm_info: Java HotSpot(TM) 64-Bit Server VM (14.3-b01) for windows-amd64 JRE (1.6.0_17-b04), built on Oct 11 2009 00:46:08 by "java_re" with MS VC++ 8.0

time: Thu Jan 15 19:43:57 2015
elapsed time: 74412 seconds

